info it worked if it ends with ok
verbose cli [ 'C:\\Program Files (x86)\\nodejs\\\\node.exe',
verbose cli   'C:\\Program Files (x86)\\nodejs\\node_modules\\npm\\bin\\npm-cli.js',
verbose cli   'install',
verbose cli   '.',
verbose cli   '-g' ]
info using npm@1.1.0-alpha-2
info using node@v0.6.3
verbose config file C:\Users\odonom\.npmrc
verbose config file C:\Program Files (x86)\etc\npmrc
verbose config file C:\Program Files (x86)\nodejs\node_modules\npm\npmrc
verbose mkdir done: C:\Program Files (x86)\nodejs 755
ERR! Error: EACCES, permission denied 'C:\Program Files (x86)\nodejs'
ERR! Report this *entire* log at:
ERR!     <http://github.com/isaacs/npm/issues>
ERR! or email it to:
ERR!     <npm-@googlegroups.com>
ERR! 
ERR! System Windows_NT 6.1.7601
ERR! command "C:\\Program Files (x86)\\nodejs\\\\node.exe" "C:\\Program Files (x86)\\nodejs\\node_modules\\npm\\bin\\npm-cli.js" "install" "." "-g"
ERR! cwd C:\dev\observe
ERR! node -v v0.6.3
ERR! npm -v 1.1.0-alpha-2
ERR! path C:\Program Files (x86)\nodejs
ERR! code EACCES
ERR! message EACCES, permission denied 'C:\Program Files (x86)\nodejs'
verbose exit [ 1, true ]
